{
  "RSpec": {
    "coverage": {
      "/Users/phipax/Projects/chitter/spec/features/loginscreen_spec.rb": [
        1,
        1,
        1,
        1,
        null,
        null,
        1,
        1,
        1,
        1,
        1,
        1,
        1,
        1,
        null,
        null,
        null
      ],
      "/Users/phipax/Projects/chitter/spec/features/test_Infra_spec.rb": [
        1,
        1,
        1,
        1,
        null,
        null,
        1,
        1,
        1,
        null,
        null,
        1,
        1,
        1,
        null,
        null
      ]
    },
    "timestamp": 1540678075
  }
}
